0 info it worked if it ends with ok
1 verbose cli [ '/usr/local/bin/node',
1 verbose cli   '/usr/local/bin/npm',
1 verbose cli   'run',
1 verbose cli   'post',
1 verbose cli   'learning-spectre' ]
2 info using npm@2.14.4
3 info using node@v4.1.1
4 verbose run-script [ 'post' ]
5 info post spectrecss-test@0.0.0
6 verbose unsafe-perm in lifecycle true
7 info spectrecss-test@0.0.0 Failed to exec post script
8 verbose stack Error: spectrecss-test@0.0.0 post: `newpost $1 "learning-spectre"`
8 verbose stack spawn ENOENT
8 verbose stack     at ChildProcess.<anonymous> (/usr/local/lib/node_modules/npm/lib/utils/spawn.js:17:16)
8 verbose stack     at emitTwo (events.js:87:13)
8 verbose stack     at ChildProcess.emit (events.js:172:7)
8 verbose stack     at maybeClose (internal/child_process.js:817:16)
8 verbose stack     at Process.ChildProcess._handle.onexit (internal/child_process.js:211:5)
9 verbose pkgid spectrecss-test@0.0.0
10 verbose cwd /Users/geoffreydavis/Google Drive/AM-Computer/Documents/github/tests/spectrecss-test
11 error Darwin 14.5.0
12 error argv "/usr/local/bin/node" "/usr/local/bin/npm" "run" "post" "learning-spectre"
13 error node v4.1.1
14 error npm  v2.14.4
15 error file sh
16 error code ELIFECYCLE
17 error errno ENOENT
18 error syscall spawn
19 error spectrecss-test@0.0.0 post: `newpost $1 "learning-spectre"`
19 error spawn ENOENT
20 error Failed at the spectrecss-test@0.0.0 post script 'newpost $1 "learning-spectre"'.
20 error This is most likely a problem with the spectrecss-test package,
20 error not with npm itself.
20 error Tell the author that this fails on your system:
20 error     newpost $1 "learning-spectre"
20 error You can get their info via:
20 error     npm owner ls spectrecss-test
20 error There is likely additional logging output above.
21 verbose exit [ 1, true ]
